[    71.218] (--) Log file renamed from "/home/jamesmalave/.local/share/xorg/Xorg.pid-4261.log" to "/home/jamesmalave/.local/share/xorg/Xorg.0.log"
[    71.220] 
X.Org X Server 1.20.8
X Protocol Version 11, Revision 0
[    71.220] Build Operating System: Linux 4.15.0-140-generic x86_64 Ubuntu
[    71.220] Current Operating System: Linux ubuntu 5.4.0-150-generic #167~18.04.1-Ubuntu SMP Wed May 24 00:51:42 UTC 2023 x86_64
[    71.220] Kernel command line: BOOT_IMAGE=/boot/vmlinuz-5.4.0-150-generic root=UUID=96bd47e2-1dc7-4da5-86c1-7f4e1de22c26 ro find_preseed=/preseed.cfg auto noprompt priority=critical locale=en_US quiet
[    71.220] Build Date: 08 April 2021  01:40:27PM
[    71.220] xorg-server-hwe-18.04 2:1.20.8-2ubuntu2.2~18.04.5 (For technical support please see http://www.ubuntu.com/support) 
[    71.220] Current version of pixman: 0.34.0
[    71.220] 	Before reporting problems, check http://wiki.x.org
	to make sure that you have the latest version.
[    71.220] Markers: (--) probed, (**) from config file, (==) default setting,
	(++) from command line, (!!) notice, (II) informational,
	(WW) warning, (EE) error, (NI) not implemented, (??) unknown.
[    71.220] (==) Log file: "/home/jamesmalave/.local/share/xorg/Xorg.0.log", Time: Sat Jan 20 13:30:28 2024
[    71.221] (==) Using system config directory "/usr/share/X11/xorg.conf.d"
[    71.224] (==) No Layout section.  Using the first Screen section.
[    71.224] (==) No screen section available. Using defaults.
[    71.224] (**) |-->Screen "Default Screen Section" (0)
[    71.224] (**) |   |-->Monitor "<default monitor>"
[    71.225] (==) No monitor specified for screen "Default Screen Section".
	Using a default monitor configuration.
[    71.225] (==) Automatically adding devices
[    71.225] (==) Automatically enabling devices
[    71.225] (==) Automatically adding GPU devices
[    71.225] (==) Automatically binding GPU devices
[    71.225] (==) Max clients allowed: 256, resource mask: 0x1fffff
[    71.225] (WW) The directory "/usr/share/fonts/X11/cyrillic" does not exist.
[    71.225] 	Entry deleted from font path.
[    71.225] (WW) The directory "/usr/share/fonts/X11/100dpi/" does not exist.
[    71.225] 	Entry deleted from font path.
[    71.225] (WW) The directory "/usr/share/fonts/X11/75dpi/" does not exist.
[    71.225] 	Entry deleted from font path.
[    71.225] (WW) The directory "/usr/share/fonts/X11/100dpi" does not exist.
[    71.225] 	Entry deleted from font path.
[    71.225] (WW) The directory "/usr/share/fonts/X11/75dpi" does not exist.
[    71.225] 	Entry deleted from font path.
[    71.225] (==) FontPath set to:
	/usr/share/fonts/X11/misc,
	/usr/share/fonts/X11/Type1,
	built-ins
[    71.225] (==) ModulePath set to "/usr/lib/xorg/modules"
[    71.225] (II) The server relies on udev to provide the list of input devices.
	If no devices become available, reconfigure udev or disable AutoAddDevices.
[    71.225] (II) Loader magic: 0x5555b4f3a020
[    71.225] (II) Module ABI versions:
[    71.225] 	X.Org ANSI C Emulation: 0.4
[    71.225] 	X.Org Video Driver: 24.1
[    71.226] 	X.Org XInput driver : 24.1
[    71.226] 	X.Org Server Extension : 10.0
[    71.227] (++) using VT number 2

[    71.231] (II) systemd-logind: took control of session /org/freedesktop/login1/session/_32
[    71.232] (II) xfree86: Adding drm device (/dev/dri/card0)
[    71.235] (II) systemd-logind: got fd for /dev/dri/card0 226:0 fd 12 paused 0
[    71.240] (--) PCI:*(0@0:15:0) 15ad:0405:15ad:0405 rev 0, Mem @ 0xe8000000/134217728, 0xfe000000/8388608, I/O @ 0x00001070/16, BIOS @ 0x????????/131072
[    71.240] (II) LoadModule: "glx"
[    71.242] (II) Loading /usr/lib/xorg/modules/extensions/libglx.so
[    71.245] (II) Module glx: vendor="X.Org Foundation"
[    71.245] 	compiled for 1.20.8, module version = 1.0.0
[    71.245] 	ABI class: X.Org Server Extension, version 10.0
[    71.245] (==) Matched vmware as autoconfigured driver 0
[    71.245] (==) Matched modesetting as autoconfigured driver 1
[    71.245] (==) Matched fbdev as autoconfigured driver 2
[    71.245] (==) Matched vesa as autoconfigured driver 3
[    71.245] (==) Assigned the driver to the xf86ConfigLayout
[    71.245] (II) LoadModule: "vmware"
[    71.246] (II) Loading /usr/lib/xorg/modules/drivers/vmware_drv.so
[    71.270] (II) Module vmware: vendor="X.Org Foundation"
[    71.270] 	compiled for 1.20.1, module version = 13.3.0
[    71.270] 	Module class: X.Org Video Driver
[    71.270] 	ABI class: X.Org Video Driver, version 24.0
[    71.270] (II) LoadModule: "modesetting"
[    71.270] (II) Loading /usr/lib/xorg/modules/drivers/modesetting_drv.so
[    71.273] (II) Module modesetting: vendor="X.Org Foundation"
[    71.273] 	compiled for 1.20.8, module version = 1.20.8
[    71.273] 	Module class: X.Org Video Driver
[    71.273] 	ABI class: X.Org Video Driver, version 24.1
[    71.273] (II) LoadModule: "fbdev"
[    71.274] (II) Loading /usr/lib/xorg/modules/drivers/fbdev_drv.so
[    71.275] (II) Module fbdev: vendor="X.Org Foundation"
[    71.275] 	compiled for 1.20.1, module version = 0.5.0
[    71.275] 	Module class: X.Org Video Driver
[    71.275] 	ABI class: X.Org Video Driver, version 24.0
[    71.275] (II) LoadModule: "vesa"
[    71.276] (II) Loading /usr/lib/xorg/modules/drivers/vesa_drv.so
[    71.277] (II) Module vesa: vendor="X.Org Foundation"
[    71.277] 	compiled for 1.20.1, module version = 2.4.0
[    71.277] 	Module class: X.Org Video Driver
[    71.277] 	ABI class: X.Org Video Driver, version 24.0
[    71.277] (II) vmware: driver for VMware SVGA: vmware0405, vmware0710
[    71.277] (II) modesetting: Driver for Modesetting Kernel Drivers: kms
[    71.277] (II) FBDEV: driver for framebuffer: fbdev
[    71.277] (II) VESA: driver for VESA chipsets: vesa
[    71.278] xf86EnableIOPorts: failed to set IOPL for I/O (Operation not permitted)
[    71.278] (WW) Falling back to old probe method for modesetting
[    71.278] (WW) Falling back to old probe method for fbdev
[    71.278] (II) Loading sub module "fbdevhw"
[    71.278] (II) LoadModule: "fbdevhw"
[    71.279] (II) Loading /usr/lib/xorg/modules/libfbdevhw.so
[    71.281] (II) Module fbdevhw: vendor="X.Org Foundation"
[    71.281] 	compiled for 1.20.8, module version = 0.0.2
[    71.281] 	ABI class: X.Org Video Driver, version 24.1
[    71.281] (EE) open /dev/fb0: Permission denied
[    71.281] (WW) VGA arbiter: cannot open kernel arbiter, no multi-card support
[    71.281] (II) vmware(0): Creating default Display subsection in Screen section
	"Default Screen Section" for depth/fbbpp 24/32
[    71.281] (--) vmware(0): DRM driver version is 2.15.0
[    71.281] (==) vmware(0): Depth 24, (--) framebuffer bpp 32
[    71.281] (==) vmware(0): RGB weight 888
[    71.281] (==) vmware(0): Default visual is TrueColor
[    71.281] (--) vmware(0): Min width 1, Max Width 16384.
[    71.281] (--) vmware(0): Min height 1, Max Height 16384.
[    71.282] (II) vmware(0): Output Virtual1 has no monitor section
[    71.282] (II) vmware(0): Output Virtual2 has no monitor section
[    71.282] (II) vmware(0): Output Virtual3 has no monitor section
[    71.282] (II) vmware(0): Output Virtual4 has no monitor section
[    71.283] (II) vmware(0): Output Virtual5 has no monitor section
[    71.283] (II) vmware(0): Output Virtual6 has no monitor section
[    71.283] (II) vmware(0): Output Virtual7 has no monitor section
[    71.283] (II) vmware(0): Output Virtual8 has no monitor section
[    71.283] (II) vmware(0): Printing probed modes for output Virtual1
[    71.283] (II) vmware(0): Modeline "1918x866"x60.0  126.06  1918 1968 2018 2068  866 916 966 1016 -hsync +vsync (61.0 kHz eP)
[    71.283] (II) vmware(0): Modeline "2560x1600"x60.0  348.50  2560 2752 3032 3504  1600 1603 1609 1658 -hsync +vsync (99.5 kHz e)
[    71.283] (II) vmware(0): Modeline "1920x1440"x60.0  234.00  1920 2048 2256 2600  1440 1441 1444 1500 -hsync +vsync (90.0 kHz e)
[    71.283] (II) vmware(0): Modeline "1856x1392"x60.0  218.25  1856 1952 2176 2528  1392 1393 1396 1439 -hsync +vsync (86.3 kHz e)
[    71.283] (II) vmware(0): Modeline "1792x1344"x60.0  204.75  1792 1920 2120 2448  1344 1345 1348 1394 -hsync +vsync (83.6 kHz e)
[    71.283] (II) vmware(0): Modeline "1920x1200"x59.9  193.25  1920 2056 2256 2592  1200 1203 1209 1245 -hsync +vsync (74.6 kHz e)
[    71.283] (II) vmware(0): Modeline "1600x1200"x60.0  162.00  1600 1664 1856 2160  1200 1201 1204 1250 +hsync +vsync (75.0 kHz e)
[    71.283] (II) vmware(0): Modeline "1680x1050"x60.0  146.25  1680 1784 1960 2240  1050 1053 1059 1089 -hsync +vsync (65.3 kHz e)
[    71.283] (II) vmware(0): Modeline "1400x1050"x60.0  121.75  1400 1488 1632 1864  1050 1053 1057 1089 -hsync +vsync (65.3 kHz e)
[    71.283] (II) vmware(0): Modeline "1280x1024"x60.0  108.00  1280 1328 1440 1688  1024 1025 1028 1066 +hsync +vsync (64.0 kHz e)
[    71.283] (II) vmware(0): Modeline "1440x900"x59.9  106.50  1440 1520 1672 1904  900 903 909 934 -hsync +vsync (55.9 kHz e)
[    71.283] (II) vmware(0): Modeline "1280x960"x60.0  108.00  1280 1376 1488 1800  960 961 964 1000 +hsync +vsync (60.0 kHz e)
[    71.283] (II) vmware(0): Modeline "1360x768"x60.0   85.50  1360 1424 1536 1792  768 771 777 795 +hsync +vsync (47.7 kHz e)
[    71.283] (II) vmware(0): Modeline "1280x800"x59.8   83.50  1280 1352 1480 1680  800 803 809 831 +hsync -vsync (49.7 kHz e)
[    71.283] (II) vmware(0): Modeline "1152x864"x75.0  108.00  1152 1216 1344 1600  864 865 868 900 +hsync +vsync (67.5 kHz e)
[    71.283] (II) vmware(0): Modeline "1280x768"x59.9   79.50  1280 1344 1472 1664  768 771 778 798 -hsync +vsync (47.8 kHz e)
[    71.283] (II) vmware(0): Modeline "1024x768"x60.0   65.00  1024 1048 1184 1344  768 771 777 806 -hsync -vsync (48.4 kHz e)
[    71.283] (II) vmware(0): Modeline "800x600"x60.3   40.00  800 840 968 1056  600 601 605 628 +hsync +vsync (37.9 kHz e)
[    71.283] (II) vmware(0): Modeline "640x480"x59.9   25.18  640 656 752 800  480 489 492 525 -hsync -vsync (31.5 kHz e)
[    71.284] (II) vmware(0): EDID for output Virtual2
[    71.284] (II) vmware(0): EDID for output Virtual3
[    71.284] (II) vmware(0): EDID for output Virtual4
[    71.284] (II) vmware(0): EDID for output Virtual5
[    71.284] (II) vmware(0): EDID for output Virtual6
[    71.285] (II) vmware(0): EDID for output Virtual7
[    71.285] (II) vmware(0): EDID for output Virtual8
[    71.285] (II) vmware(0): Output Virtual1 connected
[    71.285] (II) vmware(0): Output Virtual2 disconnected
[    71.285] (II) vmware(0): Output Virtual3 disconnected
[    71.285] (II) vmware(0): Output Virtual4 disconnected
[    71.285] (II) vmware(0): Output Virtual5 disconnected
[    71.285] (II) vmware(0): Output Virtual6 disconnected
[    71.285] (II) vmware(0): Output Virtual7 disconnected
[    71.285] (II) vmware(0): Output Virtual8 disconnected
[    71.285] (II) vmware(0): Using exact sizes for initial modes
[    71.285] (II) vmware(0): Output Virtual1 using initial mode 1918x866 +0+0
[    71.285] (==) vmware(0): DPI set to (96, 96)
[    71.285] (==) vmware(0): Using gamma correction (1.0, 1.0, 1.0)
[    71.285] (II) Loading sub module "fb"
[    71.285] (II) LoadModule: "fb"
[    71.286] (II) Loading /usr/lib/xorg/modules/libfb.so
[    71.288] (II) Module fb: vendor="X.Org Foundation"
[    71.288] 	compiled for 1.20.8, module version = 1.0.0
[    71.288] 	ABI class: X.Org ANSI C Emulation, version 0.4
[    71.288] (II) Loading sub module "dri2"
[    71.288] (II) LoadModule: "dri2"
[    71.288] (II) Module "dri2" already built-in
[    71.288] (II) Loading sub module "dri3"
[    71.288] (II) LoadModule: "dri3"
[    71.288] (II) Module "dri3" already built-in
[    71.288] (II) UnloadModule: "modesetting"
[    71.288] (II) Unloading modesetting
[    71.289] (II) UnloadModule: "fbdev"
[    71.289] (II) Unloading fbdev
[    71.289] (II) UnloadSubModule: "fbdevhw"
[    71.289] (II) Unloading fbdevhw
[    71.289] (II) UnloadModule: "vesa"
[    71.289] (II) Unloading vesa
[    71.291] (II) vmware(0): Initialized VMWARE_CTRL extension version 0.2
[    71.315] (II) vmware(0): Gallium3D XA version: 2.5.0.
[    71.315] (II) vmware(0): Path of drm device is "/dev/dri/card0".
[    71.315] (II) vmware(0): [DRI2] Setup complete
[    71.315] (II) vmware(0): [DRI2]   DRI driver: vmwgfx
[    71.807] (--) vmware(0): Render acceleration is enabled.
[    71.807] (==) vmware(0): Rendercheck mode is disabled.
[    71.807] (--) vmware(0): Direct rendering (DRI2 3D) is enabled.
[    71.807] (--) vmware(0): Direct rendering (DRI3 3D) is enabled.
[    71.807] (==) vmware(0): Direct presents are disabled.
[    71.807] (==) vmware(0): Hardware only presents are automatic per scanout.
[    71.807] (==) vmware(0): Backing store enabled
[    71.807] (==) vmware(0): Silken mouse enabled
[    71.819] (==) vmware(0): DPMS enabled
[    71.819] (II) Initializing extension Generic Event Extension
[    71.819] (II) Initializing extension SHAPE
[    71.819] (II) Initializing extension MIT-SHM
[    71.819] (II) Initializing extension XInputExtension
[    71.820] (II) Initializing extension XTEST
[    71.821] (II) Initializing extension BIG-REQUESTS
[    71.821] (II) Initializing extension SYNC
[    71.821] (II) Initializing extension XKEYBOARD
[    71.821] (II) Initializing extension XC-MISC
[    71.821] (II) Initializing extension SECURITY
[    71.822] (II) Initializing extension XFIXES
[    71.822] (II) Initializing extension RENDER
[    71.822] (II) Initializing extension RANDR
[    71.822] (II) Initializing extension COMPOSITE
[    71.822] (II) Initializing extension DAMAGE
[    71.823] (II) Initializing extension MIT-SCREEN-SAVER
[    71.823] (II) Initializing extension DOUBLE-BUFFER
[    71.823] (II) Initializing extension RECORD
[    71.823] (II) Initializing extension DPMS
[    71.823] (II) Initializing extension Present
[    71.823] (II) Initializing extension DRI3
[    71.823] (II) Initializing extension X-Resource
[    71.824] (II) Initializing extension XVideo
[    71.824] (II) Initializing extension XVideo-MotionCompensation
[    71.824] (II) Initializing extension SELinux
[    71.824] (II) SELinux: Disabled on system
[    71.824] (II) Initializing extension GLX
[    71.840] (II) AIGLX: Loaded and initialized vmwgfx
[    71.840] (II) GLX: Initialized DRI2 GL provider for screen 0
[    71.840] (II) Initializing extension XFree86-VidModeExtension
[    71.840] (II) Initializing extension XFree86-DGA
[    71.841] (II) Initializing extension XFree86-DRI
[    71.841] (II) Initializing extension DRI2
[    71.854] (II) vmware(0): Setting screen physical size to 507 x 229
[    71.882] (II) config/udev: Adding input device Power Button (/dev/input/event0)
[    71.882] (**) Power Button: Applying InputClass "libinput keyboard catchall"
[    71.882] (II) LoadModule: "libinput"
[    71.882] (II) Loading /usr/lib/xorg/modules/input/libinput_drv.so
[    71.885] (II) Module libinput: vendor="X.Org Foundation"
[    71.885] 	compiled for 1.20.1, module version = 0.28.1
[    71.885] 	Module class: X.Org XInput Driver
[    71.885] 	ABI class: X.Org XInput driver, version 24.1
[    71.885] (II) Using input driver 'libinput' for 'Power Button'
[    71.893] (II) systemd-logind: got fd for /dev/input/event0 13:64 fd 24 paused 0
[    71.893] (**) Power Button: always reports core events
[    71.893] (**) Option "Device" "/dev/input/event0"
[    71.893] (**) Option "_source" "server/udev"
[    71.901] (II) event0  - Power Button: is tagged by udev as: Keyboard
[    71.901] (II) event0  - Power Button: device is a keyboard
[    71.901] (II) event0  - Power Button: device removed
[    71.902] (**) Option "config_info" "udev:/sys/devices/LNXSYSTM:00/LNXPWRBN:00/input/input0/event0"
[    71.902] (II) XINPUT: Adding extended input device "Power Button" (type: KEYBOARD, id 6)
[    71.902] (**) Option "xkb_model" "SKIP"
[    71.902] (**) Option "xkb_layout" "us"
[    71.928] (II) event0  - Power Button: is tagged by udev as: Keyboard
[    71.928] (II) event0  - Power Button: device is a keyboard
[    71.929] (II) config/udev: Adding input device VMware VMware Virtual USB Mouse (/dev/input/event4)
[    71.929] (**) VMware VMware Virtual USB Mouse: Applying InputClass "libinput pointer catchall"
[    71.929] (II) Using input driver 'libinput' for 'VMware VMware Virtual USB Mouse'
[    71.989] (II) systemd-logind: got fd for /dev/input/event4 13:68 fd 27 paused 0
[    71.989] (**) VMware VMware Virtual USB Mouse: always reports core events
[    71.989] (**) Option "Device" "/dev/input/event4"
[    71.989] (**) Option "_source" "server/udev"
[    72.000] (II) event4  - VMware VMware Virtual USB Mouse: is tagged by udev as: Mouse
[    72.000] (II) event4  - VMware VMware Virtual USB Mouse: device is a pointer
[    72.000] (II) event4  - VMware VMware Virtual USB Mouse: device removed
[    72.001] (**) Option "config_info" "udev:/sys/devices/pci0000:00/0000:00:11.0/0000:02:00.0/usb2/2-1/2-1:1.0/0003:0E0F:0003.0001/input/input5/event4"
[    72.001] (II) XINPUT: Adding extended input device "VMware VMware Virtual USB Mouse" (type: MOUSE, id 7)
[    72.002] (**) Option "AccelerationScheme" "none"
[    72.002] (**) VMware VMware Virtual USB Mouse: (accel) selected scheme none/0
[    72.002] (**) VMware VMware Virtual USB Mouse: (accel) acceleration factor: 2.000
[    72.002] (**) VMware VMware Virtual USB Mouse: (accel) acceleration threshold: 4
[    72.006] (II) event4  - VMware VMware Virtual USB Mouse: is tagged by udev as: Mouse
[    72.006] (II) event4  - VMware VMware Virtual USB Mouse: device is a pointer
[    72.006] (II) config/udev: Adding input device VMware VMware Virtual USB Mouse (/dev/input/mouse2)
[    72.006] (II) No input driver specified, ignoring this device.
[    72.006] (II) This device may have been added with another device file.
[    72.007] (II) config/udev: Adding input device AT Translated Set 2 keyboard (/dev/input/event1)
[    72.007] (**) AT Translated Set 2 keyboard: Applying InputClass "libinput keyboard catchall"
[    72.007] (II) Using input driver 'libinput' for 'AT Translated Set 2 keyboard'
[    72.012] (II) systemd-logind: got fd for /dev/input/event1 13:65 fd 28 paused 0
[    72.012] (**) AT Translated Set 2 keyboard: always reports core events
[    72.013] (**) Option "Device" "/dev/input/event1"
[    72.013] (**) Option "_source" "server/udev"
[    72.013] (II) event1  - AT Translated Set 2 keyboard: is tagged by udev as: Keyboard
[    72.013] (II) event1  - AT Translated Set 2 keyboard: device is a keyboard
[    72.013] (II) event1  - AT Translated Set 2 keyboard: device removed
[    72.013] (**) Option "config_info" "udev:/sys/devices/platform/i8042/serio0/input/input1/event1"
[    72.013] (II) XINPUT: Adding extended input device "AT Translated Set 2 keyboard" (type: KEYBOARD, id 8)
[    72.013] (**) Option "xkb_model" "SKIP"
[    72.013] (**) Option "xkb_layout" "us"
[    72.014] (II) event1  - AT Translated Set 2 keyboard: is tagged by udev as: Keyboard
[    72.014] (II) event1  - AT Translated Set 2 keyboard: device is a keyboard
[    72.016] (II) config/udev: Adding input device VirtualPS/2 VMware VMMouse (/dev/input/event3)
[    72.016] (**) VirtualPS/2 VMware VMMouse: Applying InputClass "libinput pointer catchall"
[    72.016] (II) Using input driver 'libinput' for 'VirtualPS/2 VMware VMMouse'
[    72.017] (II) systemd-logind: got fd for /dev/input/event3 13:67 fd 29 paused 0
[    72.017] (**) VirtualPS/2 VMware VMMouse: always reports core events
[    72.017] (**) Option "Device" "/dev/input/event3"
[    72.017] (**) Option "_source" "server/udev"
[    72.019] (II) event3  - VirtualPS/2 VMware VMMouse: is tagged by udev as: Mouse
[    72.019] (II) event3  - VirtualPS/2 VMware VMMouse: device is a pointer
[    72.019] (II) event3  - VirtualPS/2 VMware VMMouse: device removed
[    72.019] (**) Option "config_info" "udev:/sys/devices/platform/i8042/serio1/input/input3/event3"
[    72.019] (II) XINPUT: Adding extended input device "VirtualPS/2 VMware VMMouse" (type: MOUSE, id 9)
[    72.019] (**) Option "AccelerationScheme" "none"
[    72.019] (**) VirtualPS/2 VMware VMMouse: (accel) selected scheme none/0
[    72.019] (**) VirtualPS/2 VMware VMMouse: (accel) acceleration factor: 2.000
[    72.019] (**) VirtualPS/2 VMware VMMouse: (accel) acceleration threshold: 4
[    72.020] (II) event3  - VirtualPS/2 VMware VMMouse: is tagged by udev as: Mouse
[    72.020] (II) event3  - VirtualPS/2 VMware VMMouse: device is a pointer
[    72.021] (II) config/udev: Adding input device VirtualPS/2 VMware VMMouse (/dev/input/mouse1)
[    72.021] (II) No input driver specified, ignoring this device.
[    72.021] (II) This device may have been added with another device file.
[    72.023] (II) config/udev: Adding input device VirtualPS/2 VMware VMMouse (/dev/input/event2)
[    72.023] (**) VirtualPS/2 VMware VMMouse: Applying InputClass "libinput pointer catchall"
[    72.023] (II) Using input driver 'libinput' for 'VirtualPS/2 VMware VMMouse'
[    72.024] (II) systemd-logind: got fd for /dev/input/event2 13:66 fd 30 paused 0
[    72.024] (**) VirtualPS/2 VMware VMMouse: always reports core events
[    72.024] (**) Option "Device" "/dev/input/event2"
[    72.024] (**) Option "_source" "server/udev"
[    72.024] (II) event2  - VirtualPS/2 VMware VMMouse: is tagged by udev as: Mouse
[    72.025] (II) event2  - VirtualPS/2 VMware VMMouse: device is a pointer
[    72.025] (II) event2  - VirtualPS/2 VMware VMMouse: device removed
[    72.025] (**) Option "config_info" "udev:/sys/devices/platform/i8042/serio1/input/input4/event2"
[    72.025] (II) XINPUT: Adding extended input device "VirtualPS/2 VMware VMMouse" (type: MOUSE, id 10)
[    72.025] (**) Option "AccelerationScheme" "none"
[    72.025] (**) VirtualPS/2 VMware VMMouse: (accel) selected scheme none/0
[    72.025] (**) VirtualPS/2 VMware VMMouse: (accel) acceleration factor: 2.000
[    72.025] (**) VirtualPS/2 VMware VMMouse: (accel) acceleration threshold: 4
[    72.026] (II) event2  - VirtualPS/2 VMware VMMouse: is tagged by udev as: Mouse
[    72.026] (II) event2  - VirtualPS/2 VMware VMMouse: device is a pointer
[    72.029] (II) config/udev: Adding input device VirtualPS/2 VMware VMMouse (/dev/input/mouse0)
[    72.029] (II) No input driver specified, ignoring this device.
[    72.029] (II) This device may have been added with another device file.
[    89.490] (!!) vmware(0): New layout.
[    89.490] (!!) vmware(0): 0: 0 0 1918 866
[    89.490] (!!) vmware(0): 
[   120.792] (!!) vmware(0): New layout.
[   120.792] (!!) vmware(0): 0: 0 0 804 605
[   120.792] (!!) vmware(0): 
[   123.219] (!!) vmware(0): New layout.
[   123.219] (!!) vmware(0): 0: 0 0 956 919
[   123.219] (!!) vmware(0): 
[  1576.692] (!!) vmware(0): New layout.
[  1576.693] (!!) vmware(0): 0: 0 0 1918 920
[  1576.693] (!!) vmware(0): 
[  1618.561] (!!) vmware(0): New layout.
[  1618.561] (!!) vmware(0): 0: 0 0 956 919
[  1618.561] (!!) vmware(0): 
